
> next-playground@0.1.0 build C:\Users\parth\Desktop\next-stallspot
> next build

   ▲ Next.js 15.4.7
   - Environments: .env

   Creating an optimized production build ...
 ⚠ Compiled with warnings in 30.0s

entrypoint size limit: The following entrypoint(s) combined asset size exceeds the recommended limit (977 KiB). This can impact web performance.
Entrypoints:
  app/(dashboard)/dashboard/page (1 MiB)
      ../webpack-runtime.js
      9427.js
      3888.js
      2659.js
      9108.js
      2138.js
      797.js
      422.js
      5994.js
      7314.js
      6613.js
      417.js
      9042.js
      5915.js
      8926.js
      9640.js
      1980.js
      5055.js
      8595.js
      ../app/(dashboard)/dashboard/page.js
  app/(main)/auth/forgot-password/page (977 KiB)
      ../webpack-runtime.js
      9427.js
      3888.js
      2659.js
      9108.js
      2138.js
      797.js
      422.js
      560.js
      9443.js
      9768.js
      9042.js
      8905.js
      ../app/(main)/auth/forgot-password/page.js
  app/(main)/auth/reset-password/page (978 KiB)
      ../webpack-runtime.js
      9427.js
      3888.js
      2659.js
      9108.js
      2138.js
      797.js
      422.js
      560.js
      9443.js
      9768.js
      9042.js
      8905.js
      ../app/(main)/auth/reset-password/page.js
  app/(main)/auth/signup/page (980 KiB)
      ../webpack-runtime.js
      9427.js
      3888.js
      2659.js
      9108.js
      2138.js
      797.js
      422.js
      560.js
      9443.js
      9768.js
      9042.js
      8905.js
      ../app/(main)/auth/signup/page.js
  app/(main)/contact/page (981 KiB)
      ../webpack-runtime.js
      9427.js
      3888.js
      2659.js
      9108.js
      2138.js
      797.js
      422.js
      560.js
      3617.js
      9443.js
      3200.js
      9042.js
      8905.js
      ../app/(main)/contact/page.js
  app/(main)/auth/login/page (979 KiB)
      ../webpack-runtime.js
      9427.js
      3888.js
      2659.js
      9108.js
      2138.js
      797.js
      422.js
      560.js
      9443.js
      9768.js
      9042.js
      8905.js
      ../app/(main)/auth/login/page.js
  app/(dashboard)/dashboard/settings/page (1.02 MiB)
      ../webpack-runtime.js
      9427.js
      3888.js
      2659.js
      9108.js
      2138.js
      797.js
      422.js
      5994.js
      7314.js
      3617.js
      7191.js
      6668.js
      9042.js
      5915.js
      4776.js
      5510.js
      ../app/(dashboard)/dashboard/settings/page.js
  app/(main)/exhibitions/page (1020 KiB)
      ../webpack-runtime.js
      9427.js
      3888.js
      2659.js
      9108.js
      2138.js
      797.js
      422.js
      560.js
      3617.js
      6613.js
      4840.js
      417.js
      2348.js
      9042.js
      8905.js
      ../app/(main)/exhibitions/page.js
  app/(main)/profile/complete/page (1 MiB)
      ../webpack-runtime.js
      9427.js
      3888.js
      2659.js
      9108.js
      2138.js
      797.js
      422.js
      560.js
      5994.js
      3617.js
      7191.js
      6668.js
      9042.js
      8905.js
      4776.js
      ../app/(main)/profile/complete/page.js
  app/(main)/profile/page (1.02 MiB)
      ../webpack-runtime.js
      9427.js
      3888.js
      2659.js
      9108.js
      2138.js
      797.js
      422.js
      560.js
      5994.js
      3617.js
      7191.js
      6668.js
      9042.js
      8905.js
      4776.js
      5510.js
      ../app/(main)/profile/page.js

webpack performance recommendations: 
You can limit the size of your bundles by using import() or require.ensure to lazy load some parts of your application.
For more info visit https://webpack.js.org/guides/code-splitting/

   Linting and checking validity of types ...
Terminate batch job (Y/N)? 